# JRE version: Java(TM) SE Runtime Environment (8.0_05-b13) (build 1.8.0_05-b13)
# Java VM: Java HotSpot(TM) 64-Bit Server VM (25.5-b02 mixed mode windows-amd64 compressed oops)
Heap:
 def new generation   total 1152K, used 475K [0x00000000a2400000, 0x00000000a2540000, 0x00000000c1800000)
  eden space 1024K,  33% used [0x00000000a2400000, 0x00000000a2456f50, 0x00000000a2500000)
  from space 128K, 100% used [0x00000000a2520000, 0x00000000a2540000, 0x00000000a2540000)
  to   space 128K,   0% used [0x00000000a2500000, 0x00000000a2500000, 0x00000000a2520000)
 tenured generation   total 252672K, used 2013K [0x00000000c1800000, 0x00000000d0ec0000, 0x0000000100000000)
   the space 252672K,   0% used [0x00000000c1800000, 0x00000000c19f7460, 0x00000000c19f7600, 0x00000000d0ec0000)
 Metaspace       used 4651K, capacity 5032K, committed 5248K, reserved 1056768K
  class space    used 495K, capacity 532K, committed 640K, reserved 1048576K
GC Heap History (10 events):
Event: 0.150 GC heap before
{Heap before GC invocations=4 (full 0):
 def new generation   total 1152K, used 1150K [0x00000000a2400000, 0x00000000a2540000, 0x00000000c1800000)
  eden space 1024K,  99% used [0x00000000a2400000, 0x00000000a24ff968, 0x00000000a2500000)
  from space 128K, 100% used [0x00000000a2500000, 0x00000000a2520000, 0x00000000a2520000)
  to   space 128K,   0% used [0x00000000a2520000, 0x00000000a2520000, 0x00000000a2540000)
 tenured generation   total 252672K, used 1335K [0x00000000c1800000, 0x00000000d0ec0000, 0x0000000100000000)
   the space 252672K,   0% used [0x00000000c1800000, 0x00000000c194dff8, 0x00000000c194e000, 0x00000000d0ec0000)
 Metaspace       used 3522K, capacity 4788K, committed 5120K, reserved 1056768K
  class space    used 371K, capacity 424K, committed 512K, reserved 1048576K
Event: 0.150 GC heap after
Heap after GC invocations=5 (full 0):
 def new generation   total 1152K, used 128K [0x00000000a2400000, 0x00000000a2540000, 0x00000000c1800000)
  eden space 1024K,   0% used [0x00000000a2400000, 0x00000000a2400000, 0x00000000a2500000)
  from space 128K, 100% used [0x00000000a2520000, 0x00000000a2540000, 0x00000000a2540000)
  to   space 128K,   0% used [0x00000000a2500000, 0x00000000a2500000, 0x00000000a2520000)
 tenured generation   total 252672K, used 1545K [0x00000000c1800000, 0x00000000d0ec0000, 0x0000000100000000)
   the space 252672K,   0% used [0x00000000c1800000, 0x00000000c19824b8, 0x00000000c1982600, 0x00000000d0ec0000)
 Metaspace       used 3522K, capacity 4788K, committed 5120K, reserved 1056768K
  class space    used 371K, capacity 424K, committed 512K, reserved 1048576K
}
Event: 0.168 GC heap before
{Heap before GC invocations=5 (full 0):
 def new generation   total 1152K, used 1152K [0x00000000a2400000, 0x00000000a2540000, 0x00000000c1800000)
  eden space 1024K, 100% used [0x00000000a2400000, 0x00000000a2500000, 0x00000000a2500000)
  from space 128K, 100% used [0x00000000a2520000, 0x00000000a2540000, 0x00000000a2540000)
  to   space 128K,   0% used [0x00000000a2500000, 0x00000000a2500000, 0x00000000a2520000)
 tenured generation   total 252672K, used 1545K [0x00000000c1800000, 0x00000000d0ec0000, 0x0000000100000000)
   the space 252672K,   0% used [0x00000000c1800000, 0x00000000c19824b8, 0x00000000c1982600, 0x00000000d0ec0000)
 Metaspace       used 3984K, capacity 4828K, committed 5120K, reserved 1056768K
  class space    used 429K, capacity 464K, committed 512K, reserved 1048576K
Event: 0.169 GC heap after
Heap after GC invocations=6 (full 0):
 def new generation   total 1152K, used 127K [0x00000000a2400000, 0x00000000a2540000, 0x00000000c1800000)
  eden space 1024K,   0% used [0x00000000a2400000, 0x00000000a2400000, 0x00000000a2500000)
  from space 128K,  99% used [0x00000000a2500000, 0x00000000a251fff8, 0x00000000a2520000)
  to   space 128K,   0% used [0x00000000a2520000, 0x00000000a2520000, 0x00000000a2540000)
 tenured generation   total 252672K, used 1699K [0x00000000c1800000, 0x00000000d0ec0000, 0x0000000100000000)
   the space 252672K,   0% used [0x00000000c1800000, 0x00000000c19a8cc0, 0x00000000c19a8e00, 0x00000000d0ec0000)
 Metaspace       used 3984K, capacity 4828K, committed 5120K, reserved 1056768K
  class space    used 429K, capacity 464K, committed 512K, reserved 1048576K
}
Event: 0.182 GC heap before
{Heap before GC invocations=6 (full 0):
 def new generation   total 1152K, used 1151K [0x00000000a2400000, 0x00000000a2540000, 0x00000000c1800000)
  eden space 1024K, 100% used [0x00000000a2400000, 0x00000000a2500000, 0x00000000a2500000)
  from space 128K,  99% used [0x00000000a2500000, 0x00000000a251fff8, 0x00000000a2520000)
  to   space 128K,   0% used [0x00000000a2520000, 0x00000000a2520000, 0x00000000a2540000)
 tenured generation   total 252672K, used 1699K [0x00000000c1800000, 0x00000000d0ec0000, 0x0000000100000000)
   the space 252672K,   0% used [0x00000000c1800000, 0x00000000c19a8cc0, 0x00000000c19a8e00, 0x00000000d0ec0000)
 Metaspace       used 3999K, capacity 4828K, committed 5120K, reserved 1056768K
  class space    used 430K, capacity 464K, committed 512K, reserved 1048576K
Event: 0.183 GC heap after
Heap after GC invocations=7 (full 0):
 def new generation   total 1152K, used 127K [0x00000000a2400000, 0x00000000a2540000, 0x00000000c1800000)
  eden space 1024K,   0% used [0x00000000a2400000, 0x00000000a2400000, 0x00000000a2500000)
  from space 128K,  99% used [0x00000000a2520000, 0x00000000a253fff0, 0x00000000a2540000)
  to   space 128K,   0% used [0x00000000a2500000, 0x00000000a2500000, 0x00000000a2520000)
 tenured generation   total 252672K, used 1840K [0x00000000c1800000, 0x00000000d0ec0000, 0x0000000100000000)
   the space 252672K,   0% used [0x00000000c1800000, 0x00000000c19cc320, 0x00000000c19cc400, 0x00000000d0ec0000)
 Metaspace       used 3999K, capacity 4828K, committed 5120K, reserved 1056768K
  class space    used 430K, capacity 464K, committed 512K, reserved 1048576K
}
Event: 0.191 GC heap before
{Heap before GC invocations=7 (full 0):
 def new generation   total 1152K, used 1151K [0x00000000a2400000, 0x00000000a2540000, 0x00000000c1800000)
  eden space 1024K, 100% used [0x00000000a2400000, 0x00000000a2500000, 0x00000000a2500000)
  from space 128K,  99% used [0x00000000a2520000, 0x00000000a253fff0, 0x00000000a2540000)
  to   space 128K,   0% used [0x00000000a2500000, 0x00000000a2500000, 0x00000000a2520000)
 tenured generation   total 252672K, used 1840K [0x00000000c1800000, 0x00000000d0ec0000, 0x0000000100000000)
   the space 252672K,   0% used [0x00000000c1800000, 0x00000000c19cc320, 0x00000000c19cc400, 0x00000000d0ec0000)
 Metaspace       used 4077K, capacity 4828K, committed 5120K, reserved 1056768K
  class space    used 438K, capacity 464K, committed 512K, reserved 1048576K
Event: 0.192 GC heap after
Heap after GC invocations=8 (full 0):
 def new generation   total 1152K, used 44K [0x00000000a2400000, 0x00000000a2540000, 0x00000000c1800000)
  eden space 1024K,   0% used [0x00000000a2400000, 0x00000000a2400000, 0x00000000a2500000)
  from space 128K,  34% used [0x00000000a2500000, 0x00000000a250b190, 0x00000000a2520000)
  to   space 128K,   0% used [0x00000000a2520000, 0x00000000a2520000, 0x00000000a2540000)
 tenured generation   total 252672K, used 1954K [0x00000000c1800000, 0x00000000d0ec0000, 0x0000000100000000)
   the space 252672K,   0% used [0x00000000c1800000, 0x00000000c19e8868, 0x00000000c19e8a00, 0x00000000d0ec0000)
 Metaspace       used 4077K, capacity 4828K, committed 5120K, reserved 1056768K
  class space    used 438K, capacity 464K, committed 512K, reserved 1048576K
}
Event: 0.212 GC heap before
{Heap before GC invocations=8 (full 0):
 def new generation   total 1152K, used 1068K [0x00000000a2400000, 0x00000000a2540000, 0x00000000c1800000)
  eden space 1024K, 100% used [0x00000000a2400000, 0x00000000a2500000, 0x00000000a2500000)
  from space 128K,  34% used [0x00000000a2500000, 0x00000000a250b190, 0x00000000a2520000)
  to   space 128K,   0% used [0x00000000a2520000, 0x00000000a2520000, 0x00000000a2540000)
 tenured generation   total 252672K, used 1954K [0x00000000c1800000, 0x00000000d0ec0000, 0x0000000100000000)
   the space 252672K,   0% used [0x00000000c1800000, 0x00000000c19e8868, 0x00000000c19e8a00, 0x00000000d0ec0000)
 Metaspace       used 4554K, capacity 5032K, committed 5248K, reserved 1056768K
  class space    used 489K, capacity 532K, committed 640K, reserved 1048576K
Event: 0.213 GC heap after
Heap after GC invocations=9 (full 0):
 def new generation   total 1152K, used 128K [0x00000000a2400000, 0x00000000a2540000, 0x00000000c1800000)
  eden space 1024K,   0% used [0x00000000a2400000, 0x00000000a2400000, 0x00000000a2500000)
  from space 128K, 100% used [0x00000000a2520000, 0x00000000a2540000, 0x00000000a2540000)
  to   space 128K,   0% used [0x00000000a2500000, 0x00000000a2500000, 0x00000000a2520000)
 tenured generation   total 252672K, used 2013K [0x00000000c1800000, 0x00000000d0ec0000, 0x0000000100000000)
   the space 252672K,   0% used [0x00000000c1800000, 0x00000000c19f7460, 0x00000000c19f7600, 0x00000000d0ec0000)
 Metaspace       used 4554K, capacity 5032K, committed 5248K, reserved 1056768K
  class space    used 489K, capacity 532K, committed 640K, reserved 1048576K
}

